<?xml version="1.0" encoding="UTF-8"?>
<coverage generated="1743395668941" clover="3.2.0">
  <project timestamp="1743395668941" name="All files">
    <metrics statements="16" coveredstatements="15" conditionals="4" coveredconditionals="4" methods="6" coveredmethods="5" elements="26" coveredelements="24" complexity="0" loc="16" ncloc="16" packages="2" files="3" classes="3"/>
    <package name="api">
      <metrics statements="5" coveredstatements="5" conditionals="0" coveredconditionals="0" methods="4" coveredmethods="4"/>
      <file name="api.ts" path="/root/src/towerdefense/src/api/api.ts">
        <metrics statements="3" coveredstatements="3" conditionals="0" coveredconditionals="0" methods="3" coveredmethods="3"/>
        <line num="1" count="4" type="stmt"/>
        <line num="2" count="2" type="stmt"/>
        <line num="3" count="2" type="stmt"/>
      </file>
      <file name="index.ts" path="/root/src/towerdefense/src/api/index.ts">
        <metrics statements="2" coveredstatements="2" conditionals="0" coveredconditionals="0" methods="1" coveredmethods="1"/>
        <line num="1" count="1" type="stmt"/>
        <line num="3" count="2" type="stmt"/>
      </file>
    </package>
    <package name="react">
      <metrics statements="11" coveredstatements="10" conditionals="4" coveredconditionals="4" methods="2" coveredmethods="1"/>
      <file name="App.tsx" path="/root/src/towerdefense/src/react/App.tsx">
        <metrics statements="11" coveredstatements="10" conditionals="4" coveredconditionals="4" methods="2" coveredmethods="1"/>
        <line num="1" count="1" type="stmt"/>
        <line num="2" count="1" type="stmt"/>
        <line num="3" count="1" type="stmt"/>
        <line num="4" count="1" type="stmt"/>
        <line num="5" count="1" type="stmt"/>
        <line num="7" count="1" type="stmt"/>
        <line num="8" count="7" type="stmt"/>
        <line num="9" count="7" type="stmt"/>
        <line num="14" count="7" type="stmt"/>
        <line num="33" count="0" type="stmt"/>
        <line num="42" count="1" type="stmt"/>
      </file>
    </package>
  </project>
</coverage>
