{"/root/src/towerdefense/src/api/api.ts": {"path":"/root/src/towerdefense/src/api/api.ts","statementMap":{"0":{"start":{"line":1,"column":29},"end":{"line":5,"column":2}},"1":{"start":{"line":2,"column":2},"end":{"line":4,"column":4}},"2":{"start":{"line":3,"column":4},"end":{"line":3,"column":null}},"3":{"start":{"line":3,"column":21},"end":{"line":3,"column":53}},"4":{"start":{"line":1,"column":13},"end":{"line":1,"column":29}}},"fnMap":{"0":{"name":"(anonymous_13)","decl":{"start":{"line":1,"column":29},"end":{"line":1,"column":null}},"loc":{"start":{"line":1,"column":29},"end":{"line":5,"column":2}}},"1":{"name":"(anonymous_16)","decl":{"start":{"line":2,"column":21},"end":{"line":2,"column":22}},"loc":{"start":{"line":2,"column":29},"end":{"line":3,"column":14}}},"2":{"name":"(anonymous_17)","decl":{"start":{"line":3,"column":15},"end":{"line":3,"column":21}},"loc":{"start":{"line":3,"column":15},"end":{"line":3,"column":28}}}},"branchMap":{},"s":{"0":4,"1":2,"2":2,"3":2,"4":2},"f":{"0":4,"1":2,"2":2},"b":{}}
,"/root/src/towerdefense/src/api/index.ts": {"path":"/root/src/towerdefense/src/api/index.ts","statementMap":{"0":{"start":{"line":1,"column":0},"end":{"line":1,"column":9}},"1":{"start":{"line":3,"column":9},"end":{"line":1,"column":38}}},"fnMap":{"0":{"name":"(anonymous_0)","decl":{"start":{"line":3,"column":9},"end":{"line":3,"column":22}},"loc":{"start":{"line":3,"column":9},"end":{"line":1,"column":38}}}},"branchMap":{},"s":{"0":1,"1":2},"f":{"0":1},"b":{}}
,"/root/src/towerdefense/src/react/App.tsx": {"path":"/root/src/towerdefense/src/react/App.tsx","statementMap":{"0":{"start":{"line":1,"column":0},"end":{"line":1,"column":26}},"1":{"start":{"line":2,"column":0},"end":{"line":2,"column":49}},"2":{"start":{"line":3,"column":0},"end":{"line":3,"column":42}},"3":{"start":{"line":4,"column":0},"end":{"line":4,"column":39}},"4":{"start":{"line":5,"column":0},"end":{"line":5,"column":39}},"5":{"start":{"line":7,"column":12},"end":{"line":40,"column":1}},"6":{"start":{"line":8,"column":36},"end":{"line":8,"column":50}},"7":{"start":{"line":8,"column":15},"end":{"line":8,"column":17}},"8":{"start":{"line":8,"column":31},"end":{"line":8,"column":36}},"9":{"start":{"line":9,"column":37},"end":{"line":12,"column":4}},"10":{"start":{"line":9,"column":14},"end":{"line":9,"column":16}},"11":{"start":{"line":9,"column":25},"end":{"line":9,"column":27}},"12":{"start":{"line":9,"column":32},"end":{"line":9,"column":37}},"13":{"start":{"line":14,"column":2},"end":{"line":39,"column":4}},"14":{"start":{"line":33,"column":10},"end":{"line":33,"column":55}},"15":{"start":{"line":42,"column":0},"end":{"line":42,"column":19}}},"fnMap":{"0":{"name":"(anonymous_1)","decl":{"start":{"line":7,"column":12},"end":{"line":7,"column":null}},"loc":{"start":{"line":7,"column":12},"end":{"line":40,"column":1}}},"1":{"name":"(anonymous_2)","decl":{"start":{"line":32,"column":17},"end":{"line":32,"column":null}},"loc":{"start":{"line":32,"column":17},"end":{"line":34,"column":9}}}},"branchMap":{"0":{"loc":{"start":{"line":21,"column":11},"end":{"line":26,"column":null}},"type":"cond-expr","locations":[{"start":{"line":22,"column":12},"end":{"line":22,"column":46}},{"start":{"line":23,"column":14},"end":{"line":26,"column":null}}]},"1":{"loc":{"start":{"line":23,"column":14},"end":{"line":26,"column":null}},"type":"cond-expr","locations":[{"start":{"line":24,"column":12},"end":{"line":24,"column":50}},{"start":{"line":26,"column":12},"end":{"line":26,"column":47}}]}},"s":{"0":1,"1":1,"2":1,"3":1,"4":1,"5":1,"6":7,"7":7,"8":7,"9":7,"10":7,"11":7,"12":7,"13":7,"14":0,"15":1},"f":{"0":7,"1":0},"b":{"0":[5,2],"1":[1,1]}}
}
