TN:
SF:src/api/api.ts
FN:1,(anonymous_13)
FN:2,(anonymous_16)
FN:3,(anonymous_17)
FNF:3
FNH:3
FNDA:4,(anonymous_13)
FNDA:2,(anonymous_16)
FNDA:2,(anonymous_17)
DA:1,4
DA:2,2
DA:3,2
LF:3
LH:3
BRF:0
BRH:0
end_of_record
TN:
SF:src/api/index.ts
FN:3,(anonymous_0)
FNF:1
FNH:1
FNDA:1,(anonymous_0)
DA:1,1
DA:3,2
LF:2
LH:2
BRF:0
BRH:0
end_of_record
TN:
SF:src/react/App.tsx
FN:7,(anonymous_1)
FNF:1
FNH:1
FNDA:7,(anonymous_1)
DA:1,1
DA:2,1
DA:3,1
DA:4,1
DA:5,1
DA:7,1
DA:8,7
DA:9,7
DA:14,7
DA:35,1
LF:10
LH:10
BRDA:21,0,0,5
BRDA:21,0,1,2
BRDA:23,1,0,1
BRDA:23,1,1,1
BRF:4
BRH:4
end_of_record
